PRT1
126
274
4 0 6 (3072 4096 -64 ) (3072 4096 848 ) (3072 4905 848 ) (3072 4905 -64 ) 
4 0 2 (3797 4096 848 ) (3072 4096 848 ) (3072 4096 -64 ) (3797 4096 -64 ) 
4 0 1 (3797 4096 -64 ) (3072 4096 -64 ) (3072 4905 -64 ) (3797 4905 -64 ) 
4 1 7 (3072 4096 -128 ) (3072 4096 -64 ) (3072 4905 -64 ) (3072 4905 -128 ) 
4 1 3 (3797 4096 -64 ) (3072 4096 -64 ) (3072 4096 -128 ) (3797 4096 -128 ) 
4 2 12 (3072 3072 -64 ) (3072 3072 848 ) (3072 4096 848 ) (3072 4096 -64 ) 
4 2 4 (3072 3072 848 ) (3072 3072 -64 ) (3797 3072 -64 ) (3797 3072 848 ) 
4 2 3 (3797 3072 -64 ) (3072 3072 -64 ) (3072 4096 -64 ) (3797 4096 -64 ) 
4 3 13 (3072 3072 -128 ) (3072 3072 -64 ) (3072 4096 -64 ) (3072 4096 -128 ) 
4 3 5 (3072 3072 -64 ) (3072 3072 -128 ) (3797 3072 -128 ) (3797 3072 -64 ) 
4 4 24 (3797 2048 848 ) (3072 2048 848 ) (3072 2048 -64 ) (3797 2048 -64 ) 
4 4 14 (3072 2048 -64 ) (3072 2048 848 ) (3072 3072 848 ) (3072 3072 -64 ) 
4 4 5 (3797 2048 -64 ) (3072 2048 -64 ) (3072 3072 -64 ) (3797 3072 -64 ) 
4 5 25 (3797 2048 -128 ) (3797 2048 -64 ) (3072 2048 -64 ) (3072 2048 -128 ) 
4 5 15 (3072 2048 -128 ) (3072 2048 -64 ) (3072 3072 -64 ) (3072 3072 -128 ) 
4 6 12 (3072 4096 -64 ) (3072 4096 848 ) (2048 4096 848 ) (2048 4096 -64 ) 
4 6 8 (2048 4096 -64 ) (2048 4096 848 ) (2048 4905 848 ) (2048 4905 -64 ) 
4 6 7 (2048 4096 -64 ) (2048 4905 -64 ) (3072 4905 -64 ) (3072 4096 -64 ) 
4 7 13 (3072 4096 -128 ) (3072 4096 -64 ) (2048 4096 -64 ) (2048 4096 -128 ) 
4 7 9 (2048 4096 -128 ) (2048 4096 -64 ) (2048 4905 -64 ) (2048 4905 -128 ) 
4 8 16 (2048 4096 -64 ) (2048 4096 848 ) (1024 4096 848 ) (1024 4096 -64 ) 
4 8 10 (1024 4096 -64 ) (1024 4096 848 ) (1024 4905 848 ) (1024 4905 -64 ) 
4 8 9 (2048 4905 -64 ) (2048 4096 -64 ) (1024 4096 -64 ) (1024 4905 -64 ) 
4 9 17 (2048 4096 -128 ) (2048 4096 -64 ) (1024 4096 -64 ) (1024 4096 -128 ) 
4 9 11 (1024 4096 -128 ) (1024 4096 -64 ) (1024 4905 -64 ) (1024 4905 -128 ) 
4 10 53 (0 4096 -64 ) (0 4096 848 ) (0 4905 848 ) (0 4905 -64 ) 
4 10 18 (1024 4096 -64 ) (1024 4096 848 ) (0 4096 848 ) (0 4096 -64 ) 
4 10 11 (1024 4905 -64 ) (1024 4096 -64 ) (0 4096 -64 ) (0 4905 -64 ) 
4 11 55 (0 4096 -128 ) (0 4096 -64 ) (0 4905 -64 ) (0 4905 -128 ) 
4 11 19 (1024 4096 -128 ) (1024 4096 -64 ) (0 4096 -64 ) (0 4096 -128 ) 
4 12 16 (2048 4096 848 ) (2048 4096 -64 ) (2048 3072 -64 ) (2048 3072 848 ) 
4 12 14 (3072 3072 -64 ) (3072 3072 848 ) (2048 3072 848 ) (2048 3072 -64 ) 
4 12 13 (2048 3072 -64 ) (2048 4096 -64 ) (3072 4096 -64 ) (3072 3072 -64 ) 
4 13 17 (2048 4096 -64 ) (2048 4096 -128 ) (2048 3072 -128 ) (2048 3072 -64 ) 
4 13 15 (3072 3072 -128 ) (3072 3072 -64 ) (2048 3072 -64 ) (2048 3072 -128 ) 
4 14 30 (3072 2048 -64 ) (3072 2048 848 ) (2048 2048 848 ) (2048 2048 -64 ) 
4 14 20 (2048 2048 -64 ) (2048 2048 848 ) (2048 3072 848 ) (2048 3072 -64 ) 
4 14 15 (3072 2048 -64 ) (2048 2048 -64 ) (2048 3072 -64 ) (3072 3072 -64 ) 
4 15 31 (3072 2048 -128 ) (3072 2048 -64 ) (2048 2048 -64 ) (2048 2048 -128 ) 
4 15 21 (2048 2048 -128 ) (2048 2048 -64 ) (2048 3072 -64 ) (2048 3072 -128 ) 
4 16 20 (2048 3072 -64 ) (2048 3072 848 ) (1024 3072 848 ) (1024 3072 -64 ) 
4 16 18 (1024 4096 848 ) (1024 4096 -64 ) (1024 3072 -64 ) (1024 3072 848 ) 
4 16 17 (2048 3072 -64 ) (1024 3072 -64 ) (1024 4096 -64 ) (2048 4096 -64 ) 
4 17 21 (2048 3072 -128 ) (2048 3072 -64 ) (1024 3072 -64 ) (1024 3072 -128 ) 
4 17 19 (1024 4096 -64 ) (1024 4096 -128 ) (1024 3072 -128 ) (1024 3072 -64 ) 
4 18 61 (0 3072 -64 ) (0 3072 848 ) (0 4096 848 ) (0 4096 -64 ) 
4 18 22 (1024 3072 -64 ) (1024 3072 848 ) (0 3072 848 ) (0 3072 -64 ) 
4 18 19 (1024 4096 -64 ) (1024 3072 -64 ) (0 3072 -64 ) (0 4096 -64 ) 
4 19 63 (0 3072 -128 ) (0 3072 -64 ) (0 4096 -64 ) (0 4096 -128 ) 
4 19 23 (1024 3072 -128 ) (1024 3072 -64 ) (0 3072 -64 ) (0 3072 -128 ) 
4 20 34 (2048 2048 -64 ) (2048 2048 848 ) (1024 2048 848 ) (1024 2048 -64 ) 
4 20 22 (1024 3072 848 ) (1024 3072 -64 ) (1024 2048 -64 ) (1024 2048 848 ) 
4 20 21 (1024 3072 -64 ) (2048 3072 -64 ) (2048 2048 -64 ) (1024 2048 -64 ) 
4 21 35 (2048 2048 -128 ) (2048 2048 -64 ) (1024 2048 -64 ) (1024 2048 -128 ) 
4 21 23 (1024 3072 -64 ) (1024 3072 -128 ) (1024 2048 -128 ) (1024 2048 -64 ) 
4 22 65 (0 2048 -64 ) (0 2048 848 ) (0 3072 848 ) (0 3072 -64 ) 
4 22 36 (1024 2048 -64 ) (1024 2048 848 ) (0 2048 848 ) (0 2048 -64 ) 
4 22 23 (1024 3072 -64 ) (1024 2048 -64 ) (0 2048 -64 ) (0 3072 -64 ) 
4 23 67 (0 2048 -128 ) (0 2048 -64 ) (0 3072 -64 ) (0 3072 -128 ) 
4 23 37 (1024 2048 -128 ) (1024 2048 -64 ) (0 2048 -64 ) (0 2048 -128 ) 
4 24 30 (3072 2048 848 ) (3072 2048 -64 ) (3072 1024 -64 ) (3072 1024 848 ) 
4 24 26 (3072 1024 848 ) (3072 1024 -64 ) (3797 1024 -64 ) (3797 1024 848 ) 
4 24 25 (3797 1024 -64 ) (3072 1024 -64 ) (3072 2048 -64 ) (3797 2048 -64 ) 
4 25 31 (3072 2048 -64 ) (3072 2048 -128 ) (3072 1024 -128 ) (3072 1024 -64 ) 
4 25 27 (3072 1024 -64 ) (3072 1024 -128 ) (3797 1024 -128 ) (3797 1024 -64 ) 
4 26 32 (3072 0 -64 ) (3072 0 848 ) (3072 1024 848 ) (3072 1024 -64 ) 
4 26 28 (3797 0 848 ) (3072 0 848 ) (3072 0 -64 ) (3797 0 -64 ) 
4 26 27 (3797 0 -64 ) (3072 0 -64 ) (3072 1024 -64 ) (3797 1024 -64 ) 
4 27 33 (3072 0 -128 ) (3072 0 -64 ) (3072 1024 -64 ) (3072 1024 -128 ) 
4 27 29 (3797 0 -128 ) (3797 0 -64 ) (3072 0 -64 ) (3072 0 -128 ) 
4 28 46 (3072 -85 848 ) (3072 0 848 ) (3072 0 -64 ) (3072 -85 -64 ) 
4 28 29 (3072 -85 -64 ) (3072 0 -64 ) (3797 0 -64 ) (3797 -85 -64 ) 
4 29 47 (3072 -85 -64 ) (3072 0 -64 ) (3072 0 -128 ) (3072 -85 -128 ) 
4 30 34 (2048 2048 848 ) (2048 2048 -64 ) (2048 1024 -64 ) (2048 1024 848 ) 
4 30 32 (3072 1024 -64 ) (3072 1024 848 ) (2048 1024 848 ) (2048 1024 -64 ) 
4 30 31 (2048 1024 -64 ) (2048 2048 -64 ) (3072 2048 -64 ) (3072 1024 -64 ) 
4 31 35 (2048 2048 -64 ) (2048 2048 -128 ) (2048 1024 -128 ) (2048 1024 -64 ) 
4 31 33 (3072 1024 -128 ) (3072 1024 -64 ) (2048 1024 -64 ) (2048 1024 -128 ) 
4 32 46 (3072 0 -64 ) (3072 0 848 ) (2048 0 848 ) (2048 0 -64 ) 
4 32 38 (2048 0 -64 ) (2048 0 848 ) (2048 1024 848 ) (2048 1024 -64 ) 
4 32 33 (2048 0 -64 ) (2048 1024 -64 ) (3072 1024 -64 ) (3072 0 -64 ) 
4 33 47 (3072 0 -128 ) (3072 0 -64 ) (2048 0 -64 ) (2048 0 -128 ) 
4 33 39 (2048 0 -128 ) (2048 0 -64 ) (2048 1024 -64 ) (2048 1024 -128 ) 
4 34 38 (2048 1024 -64 ) (2048 1024 848 ) (1024 1024 848 ) (1024 1024 -64 ) 
4 34 36 (1024 2048 848 ) (1024 2048 -64 ) (1024 1024 -64 ) (1024 1024 848 ) 
4 34 35 (2048 1024 -64 ) (1024 1024 -64 ) (1024 2048 -64 ) (2048 2048 -64 ) 
4 35 39 (2048 1024 -128 ) (2048 1024 -64 ) (1024 1024 -64 ) (1024 1024 -128 ) 
4 35 37 (1024 2048 -64 ) (1024 2048 -128 ) (1024 1024 -128 ) (1024 1024 -64 ) 
4 36 89 (0 1024 -64 ) (0 1024 848 ) (0 2048 848 ) (0 2048 -64 ) 
4 36 41 (101 1024 848 ) (0 1024 848 ) (0 1024 -64 ) (101 1024 -64 ) 
4 36 40 (1024 1024 -64 ) (1024 1024 848 ) (101 1024 848 ) (101 1024 -64 ) 
4 36 37 (1024 2048 -64 ) (1024 1024 -64 ) (0 1024 -64 ) (0 2048 -64 ) 
4 37 91 (0 1024 -128 ) (0 1024 -64 ) (0 2048 -64 ) (0 2048 -128 ) 
4 37 45 (1024 1024 -128 ) (1024 1024 -64 ) (0 1024 -64 ) (0 1024 -128 ) 
4 38 48 (2048 0 -64 ) (2048 0 848 ) (1024 0 848 ) (1024 0 -64 ) 
4 38 40 (1024 1024 848 ) (1024 1024 -64 ) (1024 0 -64 ) (1024 0 848 ) 
4 38 39 (1024 1024 -64 ) (2048 1024 -64 ) (2048 0 -64 ) (1024 0 -64 ) 
4 39 49 (2048 0 -128 ) (2048 0 -64 ) (1024 0 -64 ) (1024 0 -128 ) 
4 39 45 (1024 1024 -64 ) (1024 1024 -128 ) (1024 0 -128 ) (1024 0 -64 ) 
4 40 51 (1024 0 -64 ) (1024 0 0 ) (101 0 0 ) (101 0 -64 ) 
4 40 50 (1024 0 0 ) (1024 0 848 ) (101 0 848 ) (101 0 0 ) 
4 40 45 (1024 1024 -64 ) (1024 0 -64 ) (101 0 -64 ) (101 1024 -64 ) 
4 40 44 (101 81.199997 -64 ) (101 77 -64 ) (101 77 0 ) (101 81.199997 0 ) 
4 40 43 (101 84 -64 ) (101 81.199997 -64 ) (101 81.199997 0 ) (101 84 0 ) 
4 40 42 (101 0 0 ) (101 0 848 ) (101 84 848 ) (101 84 0 ) 
4 40 41 (101 1024 -64 ) (101 84 -64 ) (101 84 848 ) (101 1024 848 ) 
4 41 93 (0 84 848 ) (0 1024 848 ) (0 1024 -64 ) (0 84 -64 ) 
4 41 45 (0 84 -64 ) (0 1024 -64 ) (101 1024 -64 ) (101 84 -64 ) 
4 41 43 (94 84 -64 ) (101 84 -64 ) (101 84 0 ) (94 84 0 ) 
4 41 42 (101 84 0 ) (101 84 848 ) (0 84 848 ) (0 84 0 ) 
4 42 94 (0 0 0 ) (0 0 848 ) (0 84 848 ) (0 84 0 ) 
4 42 50 (101 0 848 ) (0 0 848 ) (0 0 0 ) (101 0 0 ) 
3 42 44 (99 82 0 ) (101 81.199997 0 ) (101 77 0 ) 
3 42 43 (94 84 0 ) (101 84 0 ) (101 81.199997 0 ) 
3 43 45 (94 84 -64 ) (101 84 -64 ) (101 81.199997 -64 ) 
4 43 44 (101 81.199997 -64 ) (101 81.199997 0 ) (99 82 0 ) (99 82 -64 ) 
3 44 45 (99 82 -64 ) (101 81.199997 -64 ) (101 77 -64 ) 
4 45 96 (0 0 -128 ) (0 0 -64 ) (0 1024 -64 ) (0 1024 -128 ) 
4 45 52 (1024 0 -128 ) (1024 0 -64 ) (0 0 -64 ) (0 0 -128 ) 
4 46 48 (2048 0 848 ) (2048 0 -64 ) (2048 -85 -64 ) (2048 -85 848 ) 
4 46 47 (2048 -85 -64 ) (2048 0 -64 ) (3072 0 -64 ) (3072 -85 -64 ) 
4 47 49 (2048 0 -64 ) (2048 0 -128 ) (2048 -85 -128 ) (2048 -85 -64 ) 
4 48 51 (1024 0 0 ) (1024 0 -64 ) (1024 -85 -64 ) (1024 -85 0 ) 
4 48 50 (1024 0 848 ) (1024 0 0 ) (1024 -85 0 ) (1024 -85 848 ) 
4 48 49 (1024 -85 -64 ) (1024 0 -64 ) (2048 0 -64 ) (2048 -85 -64 ) 
4 49 52 (1024 0 -64 ) (1024 0 -128 ) (1024 -85 -128 ) (1024 -85 -64 ) 
4 50 106 (0 -85 0 ) (0 -85 848 ) (0 0 848 ) (0 0 0 ) 
4 50 51 (1024 -85 0 ) (101 -85 0 ) (101 0 0 ) (1024 0 0 ) 
4 51 52 (1024 -85 -64 ) (101 -85 -64 ) (101 0 -64 ) (1024 0 -64 ) 
4 52 108 (0 -85 -128 ) (0 -85 -64 ) (0 0 -64 ) (0 0 -128 ) 
4 53 61 (0 4096 -64 ) (0 4096 848 ) (-100 4096 848 ) (-100 4096 -64 ) 
4 53 55 (-100 4905 -64 ) (0 4905 -64 ) (0 4096 -64 ) (-100 4096 -64 ) 
4 54 62 (-252 4096 848 ) (-1024 4096 848 ) (-1024 4096 -64 ) (-252 4096 -64 ) 
4 54 57 (-1024 4096 -64 ) (-1024 4096 848 ) (-1024 4905 848 ) (-1024 4905 -64 ) 
4 54 56 (-1024 4096 -64 ) (-1024 4905 -64 ) (-252 4905 -64 ) (-252 4096 -64 ) 
4 55 63 (0 4096 -128 ) (0 4096 -64 ) (-100 4096 -64 ) (-100 4096 -128 ) 
4 56 64 (-252 4096 -64 ) (-1024 4096 -64 ) (-1024 4096 -128 ) (-252 4096 -128 ) 
4 56 58 (-1024 4096 -128 ) (-1024 4096 -64 ) (-1024 4905 -64 ) (-1024 4905 -128 ) 
4 57 69 (-1024 4096 -64 ) (-1024 4096 848 ) (-2048 4096 848 ) (-2048 4096 -64 ) 
4 57 59 (-2048 4096 -64 ) (-2048 4096 848 ) (-2048 4905 848 ) (-2048 4905 -64 ) 
4 57 58 (-1024 4905 -64 ) (-1024 4096 -64 ) (-2048 4096 -64 ) (-2048 4905 -64 ) 
4 58 70 (-1024 4096 -128 ) (-1024 4096 -64 ) (-2048 4096 -64 ) (-2048 4096 -128 ) 
4 58 60 (-2048 4096 -128 ) (-2048 4096 -64 ) (-2048 4905 -64 ) (-2048 4905 -128 ) 
4 59 77 (-3072 4096 -64 ) (-3072 4096 848 ) (-3072 4905 848 ) (-3072 4905 -64 ) 
4 59 71 (-2048 4096 -64 ) (-2048 4096 848 ) (-3072 4096 848 ) (-3072 4096 -64 ) 
4 59 60 (-2048 4905 -64 ) (-2048 4096 -64 ) (-3072 4096 -64 ) (-3072 4905 -64 ) 
4 60 78 (-3072 4096 -128 ) (-3072 4096 -64 ) (-3072 4905 -64 ) (-3072 4905 -128 ) 
4 60 72 (-2048 4096 -128 ) (-2048 4096 -64 ) (-3072 4096 -64 ) (-3072 4096 -128 ) 
4 61 65 (0 3072 -64 ) (0 3072 848 ) (-100 3072 848 ) (-100 3072 -64 ) 
4 61 63 (-100 4096 -64 ) (0 4096 -64 ) (0 3072 -64 ) (-100 3072 -64 ) 
4 62 69 (-1024 4096 848 ) (-1024 4096 -64 ) (-1024 3072 -64 ) (-1024 3072 848 ) 
4 62 66 (-252 3072 848 ) (-1024 3072 848 ) (-1024 3072 -64 ) (-252 3072 -64 ) 
4 62 64 (-1024 3072 -64 ) (-1024 4096 -64 ) (-252 4096 -64 ) (-252 3072 -64 ) 
4 63 67 (0 3072 -128 ) (0 3072 -64 ) (-100 3072 -64 ) (-100 3072 -128 ) 
4 64 70 (-1024 4096 -64 ) (-1024 4096 -128 ) (-1024 3072 -128 ) (-1024 3072 -64 ) 
4 64 68 (-252 3072 -64 ) (-1024 3072 -64 ) (-1024 3072 -128 ) (-252 3072 -128 ) 
4 65 89 (0 2048 -64 ) (0 2048 848 ) (-100 2048 848 ) (-100 2048 -64 ) 
4 65 67 (-100 3072 -64 ) (0 3072 -64 ) (0 2048 -64 ) (-100 2048 -64 ) 
4 66 90 (-252 2048 848 ) (-1024 2048 848 ) (-1024 2048 -64 ) (-252 2048 -64 ) 
4 66 73 (-1024 2048 -64 ) (-1024 2048 848 ) (-1024 3072 848 ) (-1024 3072 -64 ) 
4 66 68 (-1024 2048 -64 ) (-1024 3072 -64 ) (-252 3072 -64 ) (-252 2048 -64 ) 
4 67 91 (0 2048 -128 ) (0 2048 -64 ) (-100 2048 -64 ) (-100 2048 -128 ) 
4 68 92 (-252 2048 -64 ) (-1024 2048 -64 ) (-1024 2048 -128 ) (-252 2048 -128 ) 
4 68 74 (-1024 2048 -128 ) (-1024 2048 -64 ) (-1024 3072 -64 ) (-1024 3072 -128 ) 
4 69 73 (-1024 3072 -64 ) (-1024 3072 848 ) (-2048 3072 848 ) (-2048 3072 -64 ) 
4 69 71 (-2048 4096 848 ) (-2048 4096 -64 ) (-2048 3072 -64 ) (-2048 3072 848 ) 
4 69 70 (-1024 3072 -64 ) (-2048 3072 -64 ) (-2048 4096 -64 ) (-1024 4096 -64 ) 
4 70 74 (-1024 3072 -128 ) (-1024 3072 -64 ) (-2048 3072 -64 ) (-2048 3072 -128 ) 
4 70 72 (-2048 4096 -64 ) (-2048 4096 -128 ) (-2048 3072 -128 ) (-2048 3072 -64 ) 
4 71 81 (-3072 3072 -64 ) (-3072 3072 848 ) (-3072 4096 848 ) (-3072 4096 -64 ) 
4 71 75 (-2048 3072 -64 ) (-2048 3072 848 ) (-3072 3072 848 ) (-3072 3072 -64 ) 
4 71 72 (-2048 4096 -64 ) (-2048 3072 -64 ) (-3072 3072 -64 ) (-3072 4096 -64 ) 
4 72 82 (-3072 3072 -128 ) (-3072 3072 -64 ) (-3072 4096 -64 ) (-3072 4096 -128 ) 
4 72 76 (-2048 3072 -128 ) (-2048 3072 -64 ) (-3072 3072 -64 ) (-3072 3072 -128 ) 
4 73 98 (-1024 2048 -64 ) (-1024 2048 848 ) (-2048 2048 848 ) (-2048 2048 -64 ) 
4 73 75 (-2048 3072 848 ) (-2048 3072 -64 ) (-2048 2048 -64 ) (-2048 2048 848 ) 
4 73 74 (-2048 3072 -64 ) (-1024 3072 -64 ) (-1024 2048 -64 ) (-2048 2048 -64 ) 
4 74 99 (-1024 2048 -128 ) (-1024 2048 -64 ) (-2048 2048 -64 ) (-2048 2048 -128 ) 
4 74 76 (-2048 3072 -64 ) (-2048 3072 -128 ) (-2048 2048 -128 ) (-2048 2048 -64 ) 
4 75 100 (-2048 2048 -64 ) (-2048 2048 848 ) (-3072 2048 848 ) (-3072 2048 -64 ) 
4 75 83 (-3072 2048 -64 ) (-3072 2048 848 ) (-3072 3072 848 ) (-3072 3072 -64 ) 
4 75 76 (-2048 3072 -64 ) (-2048 2048 -64 ) (-3072 2048 -64 ) (-3072 3072 -64 ) 
4 76 101 (-2048 2048 -128 ) (-2048 2048 -64 ) (-3072 2048 -64 ) (-3072 2048 -128 ) 
4 76 84 (-3072 2048 -128 ) (-3072 2048 -64 ) (-3072 3072 -64 ) (-3072 3072 -128 ) 
4 77 81 (-3072 4096 -64 ) (-3072 4096 848 ) (-4096 4096 848 ) (-4096 4096 -64 ) 
4 77 79 (-4096 4096 -64 ) (-4096 4096 848 ) (-4096 4905 848 ) (-4096 4905 -64 ) 
4 77 78 (-4096 4096 -64 ) (-4096 4905 -64 ) (-3072 4905 -64 ) (-3072 4096 -64 ) 
4 78 82 (-3072 4096 -128 ) (-3072 4096 -64 ) (-4096 4096 -64 ) (-4096 4096 -128 ) 
4 78 80 (-4096 4096 -128 ) (-4096 4096 -64 ) (-4096 4905 -64 ) (-4096 4905 -128 ) 
4 79 85 (-4096 4096 -64 ) (-4096 4096 848 ) (-4149 4096 848 ) (-4149 4096 -64 ) 
4 79 80 (-4096 4905 -64 ) (-4096 4096 -64 ) (-4149 4096 -64 ) (-4149 4905 -64 ) 
4 80 86 (-4096 4096 -128 ) (-4096 4096 -64 ) (-4149 4096 -64 ) (-4149 4096 -128 ) 
4 81 85 (-4096 4096 848 ) (-4096 4096 -64 ) (-4096 3072 -64 ) (-4096 3072 848 ) 
4 81 83 (-3072 3072 -64 ) (-3072 3072 848 ) (-4096 3072 848 ) (-4096 3072 -64 ) 
4 81 82 (-4096 3072 -64 ) (-4096 4096 -64 ) (-3072 4096 -64 ) (-3072 3072 -64 ) 
4 82 86 (-4096 4096 -64 ) (-4096 4096 -128 ) (-4096 3072 -128 ) (-4096 3072 -64 ) 
4 82 84 (-3072 3072 -128 ) (-3072 3072 -64 ) (-4096 3072 -64 ) (-4096 3072 -128 ) 
4 83 114 (-3072 2048 -64 ) (-3072 2048 848 ) (-4096 2048 848 ) (-4096 2048 -64 ) 
4 83 87 (-4096 2048 -64 ) (-4096 2048 848 ) (-4096 3072 848 ) (-4096 3072 -64 ) 
4 83 84 (-3072 2048 -64 ) (-4096 2048 -64 ) (-4096 3072 -64 ) (-3072 3072 -64 ) 
4 84 115 (-3072 2048 -128 ) (-3072 2048 -64 ) (-4096 2048 -64 ) (-4096 2048 -128 ) 
4 84 88 (-4096 2048 -128 ) (-4096 2048 -64 ) (-4096 3072 -64 ) (-4096 3072 -128 ) 
4 85 87 (-4096 3072 -64 ) (-4096 3072 848 ) (-4149 3072 848 ) (-4149 3072 -64 ) 
4 85 86 (-4096 3072 -64 ) (-4149 3072 -64 ) (-4149 4096 -64 ) (-4096 4096 -64 ) 
4 86 88 (-4096 3072 -128 ) (-4096 3072 -64 ) (-4149 3072 -64 ) (-4149 3072 -128 ) 
4 87 118 (-4096 2048 -64 ) (-4096 2048 848 ) (-4149 2048 848 ) (-4149 2048 -64 ) 
4 87 88 (-4149 3072 -64 ) (-4096 3072 -64 ) (-4096 2048 -64 ) (-4149 2048 -64 ) 
4 88 119 (-4096 2048 -128 ) (-4096 2048 -64 ) (-4149 2048 -64 ) (-4149 2048 -128 ) 
4 89 93 (0 1024 -64 ) (0 1024 848 ) (-100 1024 848 ) (-100 1024 -64 ) 
4 89 91 (-100 2048 -64 ) (0 2048 -64 ) (0 1024 -64 ) (-100 1024 -64 ) 
4 90 98 (-1024 2048 848 ) (-1024 2048 -64 ) (-1024 1024 -64 ) (-1024 1024 848 ) 
4 90 95 (-252 1024 848 ) (-1024 1024 848 ) (-1024 1024 -64 ) (-252 1024 -64 ) 
4 90 92 (-1024 1024 -64 ) (-1024 2048 -64 ) (-252 2048 -64 ) (-252 1024 -64 ) 
4 91 96 (0 1024 -128 ) (0 1024 -64 ) (-100 1024 -64 ) (-100 1024 -128 ) 
4 92 99 (-1024 2048 -64 ) (-1024 2048 -128 ) (-1024 1024 -128 ) (-1024 1024 -64 ) 
4 92 97 (-252 1024 -64 ) (-1024 1024 -64 ) (-1024 1024 -128 ) (-252 1024 -128 ) 
4 93 96 (-100 84 -64 ) (-100 1024 -64 ) (0 1024 -64 ) (0 84 -64 ) 
4 93 94 (-100 84 848 ) (-100 84 0 ) (0 84 0 ) (0 84 848 ) 
4 94 106 (0 0 0 ) (0 0 848 ) (-100 0 848 ) (-100 0 0 ) 
4 95 107 (-252 0 848 ) (-1024 0 848 ) (-1024 0 -64 ) (-252 0 -64 ) 
4 95 102 (-1024 0 -64 ) (-1024 0 848 ) (-1024 1024 848 ) (-1024 1024 -64 ) 
4 95 97 (-252 0 -64 ) (-1024 0 -64 ) (-1024 1024 -64 ) (-252 1024 -64 ) 
4 96 108 (0 0 -128 ) (0 0 -64 ) (-100 0 -64 ) (-100 0 -128 ) 
4 97 109 (-252 0 -64 ) (-1024 0 -64 ) (-1024 0 -128 ) (-252 0 -128 ) 
4 97 103 (-1024 0 -128 ) (-1024 0 -64 ) (-1024 1024 -64 ) (-1024 1024 -128 ) 
4 98 102 (-1024 1024 -64 ) (-1024 1024 848 ) (-2048 1024 848 ) (-2048 1024 -64 ) 
4 98 100 (-2048 2048 848 ) (-2048 2048 -64 ) (-2048 1024 -64 ) (-2048 1024 848 ) 
4 98 99 (-1024 1024 -64 ) (-2048 1024 -64 ) (-2048 2048 -64 ) (-1024 2048 -64 ) 
4 99 103 (-1024 1024 -128 ) (-1024 1024 -64 ) (-2048 1024 -64 ) (-2048 1024 -128 ) 
4 99 101 (-2048 2048 -64 ) (-2048 2048 -128 ) (-2048 1024 -128 ) (-2048 1024 -64 ) 
4 100 114 (-3072 2048 848 ) (-3072 2048 -64 ) (-3072 1024 -64 ) (-3072 1024 848 ) 
4 100 104 (-2048 1024 -64 ) (-2048 1024 848 ) (-3072 1024 848 ) (-3072 1024 -64 ) 
4 100 101 (-3072 2048 -64 ) (-2048 2048 -64 ) (-2048 1024 -64 ) (-3072 1024 -64 ) 
4 101 115 (-3072 2048 -64 ) (-3072 2048 -128 ) (-3072 1024 -128 ) (-3072 1024 -64 ) 
4 101 105 (-2048 1024 -128 ) (-2048 1024 -64 ) (-3072 1024 -64 ) (-3072 1024 -128 ) 
4 102 110 (-1024 0 -64 ) (-1024 0 848 ) (-2048 0 848 ) (-2048 0 -64 ) 
4 102 104 (-2048 1024 848 ) (-2048 1024 -64 ) (-2048 0 -64 ) (-2048 0 848 ) 
4 102 103 (-2048 1024 -64 ) (-1024 1024 -64 ) (-1024 0 -64 ) (-2048 0 -64 ) 
4 103 111 (-1024 0 -128 ) (-1024 0 -64 ) (-2048 0 -64 ) (-2048 0 -128 ) 
4 103 105 (-2048 1024 -64 ) (-2048 1024 -128 ) (-2048 0 -128 ) (-2048 0 -64 ) 
4 104 116 (-3072 0 -64 ) (-3072 0 848 ) (-3072 1024 848 ) (-3072 1024 -64 ) 
4 104 112 (-2048 0 -64 ) (-2048 0 848 ) (-3072 0 848 ) (-3072 0 -64 ) 
4 104 105 (-2048 1024 -64 ) (-2048 0 -64 ) (-3072 0 -64 ) (-3072 1024 -64 ) 
4 105 117 (-3072 0 -128 ) (-3072 0 -64 ) (-3072 1024 -64 ) (-3072 1024 -128 ) 
4 105 113 (-2048 0 -128 ) (-2048 0 -64 ) (-3072 0 -64 ) (-3072 0 -128 ) 
4 107 110 (-1024 0 848 ) (-1024 0 -64 ) (-1024 -85 -64 ) (-1024 -85 848 ) 
4 107 109 (-252 -85 -64 ) (-1024 -85 -64 ) (-1024 0 -64 ) (-252 0 -64 ) 
4 109 111 (-1024 0 -64 ) (-1024 0 -128 ) (-1024 -85 -128 ) (-1024 -85 -64 ) 
4 110 112 (-2048 0 848 ) (-2048 0 -64 ) (-2048 -85 -64 ) (-2048 -85 848 ) 
4 110 111 (-2048 -85 -64 ) (-2048 0 -64 ) (-1024 0 -64 ) (-1024 -85 -64 ) 
4 111 113 (-2048 0 -64 ) (-2048 0 -128 ) (-2048 -85 -128 ) (-2048 -85 -64 ) 
4 112 122 (-3072 -85 848 ) (-3072 0 848 ) (-3072 0 -64 ) (-3072 -85 -64 ) 
4 112 113 (-2048 0 -64 ) (-2048 -85 -64 ) (-3072 -85 -64 ) (-3072 0 -64 ) 
4 113 123 (-3072 -85 -64 ) (-3072 0 -64 ) (-3072 0 -128 ) (-3072 -85 -128 ) 
4 114 118 (-4096 2048 848 ) (-4096 2048 -64 ) (-4096 1024 -64 ) (-4096 1024 848 ) 
4 114 116 (-3072 1024 -64 ) (-3072 1024 848 ) (-4096 1024 848 ) (-4096 1024 -64 ) 
4 114 115 (-4096 1024 -64 ) (-4096 2048 -64 ) (-3072 2048 -64 ) (-3072 1024 -64 ) 
4 115 119 (-4096 2048 -64 ) (-4096 2048 -128 ) (-4096 1024 -128 ) (-4096 1024 -64 ) 
4 115 117 (-3072 1024 -128 ) (-3072 1024 -64 ) (-4096 1024 -64 ) (-4096 1024 -128 ) 
4 116 122 (-3072 0 -64 ) (-3072 0 848 ) (-4096 0 848 ) (-4096 0 -64 ) 
4 116 120 (-4096 0 -64 ) (-4096 0 848 ) (-4096 1024 848 ) (-4096 1024 -64 ) 
4 116 117 (-4096 0 -64 ) (-4096 1024 -64 ) (-3072 1024 -64 ) (-3072 0 -64 ) 
4 117 123 (-3072 0 -128 ) (-3072 0 -64 ) (-4096 0 -64 ) (-4096 0 -128 ) 
4 117 121 (-4096 0 -128 ) (-4096 0 -64 ) (-4096 1024 -64 ) (-4096 1024 -128 ) 
4 118 120 (-4096 1024 -64 ) (-4096 1024 848 ) (-4149 1024 848 ) (-4149 1024 -64 ) 
4 118 119 (-4096 1024 -64 ) (-4149 1024 -64 ) (-4149 2048 -64 ) (-4096 2048 -64 ) 
4 119 121 (-4096 1024 -128 ) (-4096 1024 -64 ) (-4149 1024 -64 ) (-4149 1024 -128 ) 
4 120 124 (-4096 0 -64 ) (-4096 0 848 ) (-4149 0 848 ) (-4149 0 -64 ) 
4 120 121 (-4149 1024 -64 ) (-4096 1024 -64 ) (-4096 0 -64 ) (-4149 0 -64 ) 
4 121 125 (-4096 0 -128 ) (-4096 0 -64 ) (-4149 0 -64 ) (-4149 0 -128 ) 
4 122 124 (-4096 0 848 ) (-4096 0 -64 ) (-4096 -85 -64 ) (-4096 -85 848 ) 
4 122 123 (-4096 -85 -64 ) (-4096 0 -64 ) (-3072 0 -64 ) (-3072 -85 -64 ) 
4 123 125 (-4096 0 -64 ) (-4096 0 -128 ) (-4096 -85 -128 ) (-4096 -85 -64 ) 
4 124 125 (-4149 0 -64 ) (-4096 0 -64 ) (-4096 -85 -64 ) (-4149 -85 -64 ) 
